<?xml version="1.0" encoding="UTF-8"?>
<!-- Generated by org.testng.reporters.JUnitReportReporter -->
<testsuite skipped="0" hostname="Ajith-PC" name="scripts.TestValidLogin" tests="2" failures="0" timestamp="11 Aug 2018 10:55:52 GMT" time="66.099" errors="0">
  <testcase name="testValidLogin" time="35.687" classname="scripts.TestValidLogin"/>
  <testcase name="testValidLogin" time="30.412" classname="scripts.TestValidLogin"/>
</testsuite> <!-- scripts.TestValidLogin -->
