<?xml version="1.0" encoding="UTF-8"?>
<!-- Generated by org.testng.reporters.JUnitReportReporter -->
<testsuite skipped="0" hostname="Ajith-PC" name="scripts.TestValidLogin" tests="2" failures="0" timestamp="11 Aug 2018 10:29:02 GMT" time="69.211" errors="0">
  <testcase name="testValidLogin" time="34.709" classname="scripts.TestValidLogin"/>
  <testcase name="testValidLogin" time="34.502" classname="scripts.TestValidLogin"/>
</testsuite> <!-- scripts.TestValidLogin -->
