<?xml version="1.0" encoding="UTF-8"?>
<!-- Generated by org.testng.reporters.JUnitReportReporter -->
<testsuite skipped="0" hostname="Ajith-PC" name="scripts.TestInvalidLogin" tests="2" failures="0" timestamp="11 Aug 2018 10:29:02 GMT" time="120.260" errors="0">
  <testcase name="testInvalidLogin" time="56.682" classname="scripts.TestInvalidLogin"/>
  <testcase name="testInvalidLogin" time="63.578" classname="scripts.TestInvalidLogin"/>
</testsuite> <!-- scripts.TestInvalidLogin -->
